{"C:\\Users\\dyupi\\OneDrive\\Рабочий стол\\React\\homework3React\\hmwrk3\\src\\components\\ChatList\\ChatListButton.jsx": {"path":"C:\\Users\\dyupi\\OneDrive\\Рабочий стол\\React\\homework3React\\hmwrk3\\src\\components\\ChatList\\ChatListButton.jsx","statementMap":{"0":{"start":{"line":5,"column":4},"end":{"line":9,"column":5}}},"fnMap":{"0":{"name":"ChatListButton","decl":{"start":{"line":4,"column":16},"end":{"line":4,"column":30}},"loc":{"start":{"line":4,"column":33},"end":{"line":10,"column":1}},"line":4}},"branchMap":{},"s":{"0":2},"f":{"0":2},"b":{},"_coverageSchema":"1a1c01bbd47fc00a2c39e90264f33305004495a9","hash":"0978c7561443b02d18212e6d26c386762c1d5cd6"}
}
